


ARM Macro Assembler    Page 1 


    1 00000000                 AREA             AsmTemplate, CODE, READONLY
    2 00000000         ;AREA reset, CODE, READWRITE
    3 00000000                 IMPORT           main
    4 00000000         
    5 00000000         ; sample program makes the 4 LEDs P1.16, P1.17, P1.18, P
                       1.19 go on and off in sequence
    6 00000000         ; (c) Mike Brady, 2011 -- 2019.
    7 00000000         
    8 00000000                 EXPORT           start
    9 00000000         start
   10 00000000         
   11 00000000 E0028018 
                       IO1DIR  EQU              0xE0028018
   12 00000000 E0028014 
                       IO1SET  EQU              0xE0028014
   13 00000000 E002801C 
                       IO1CLR  EQU              0xE002801C
   14 00000000         
   15 00000000 E3A00000        ldr              r0,=0
   16 00000004 E3A01000        ldr              r1,=0
   17 00000008 E3A02000        ldr              r2,=0
   18 0000000C E3A03000        ldr              r3,=0
   19 00000010 E3A04000        ldr              r4,=0
   20 00000014 E3A05000        ldr              r5,=0
   21 00000018 E3A06000        ldr              r6,=0
   22 0000001C E3A07000        ldr              r7,=0
   23 00000020 E3A08000        ldr              r8, =0
   24 00000024 E3A09000        ldr              r9, =0
   25 00000028 E3A0A000        ldr              r10, =0
   26 0000002C E3A0B000        ldr              r11, =0
   27 00000030 E3A0C000        ldr              r12, =0
   28 00000034 E59F11B0        ldr              r1,=IO1DIR
   29 00000038 E3A0280F        ldr              r2,=0x000f0000 ;select P1.19--P
                                                            1.16
   30 0000003C E5812000        str              r2,[r1]     ;make them outputs
   31 00000040 E59F11A8        ldr              r1,=IO1SET
   32 00000044 E5812000        str              r2,[r1]     ;set them to turn t
                                                            he LEDs off
   33 00000048 E59F21A4        ldr              r2,=IO1CLR
   34 0000004C         
   35 0000004C E59F01A4        ldr              r0, =number ; number contains a
                                                            ddress of the value
                                                            
   36 00000050 E5905000        ldr              r5, [r0]    ; load r5 with valu
                                                            e at the address nu
                                                            mber
   37 00000054         
   38 00000054 E3A08000        ldr              r8,=0
   39 00000058         
   40 00000058         ; -----------------------------------------------
   41 00000058 E59F619C        ldr              r6, =digits ; digit analisation
                                                            
   42 0000005C E1A09005        mov              r9, r5
   43 00000060         checkTens
   44 00000060 E5967000        ldr              r7, [r6]
   45 00000064 E1590007        cmp              r9, r7
   46 00000068 AA000001        bge              calcDigit
   47 0000006C E2866004        add              r6, #4
   48 00000070 EAFFFFFA        b                checkTens



ARM Macro Assembler    Page 2 


   49 00000074         
   50 00000074         calcDigit
   51 00000074 E0499007        sub              r9, r7      ;1049-1000=49    49
                                                            -10=39  39-10=29  2
                                                            9-10=19  19-10=9
   52 00000078 E2888001        add              r8, #1      ;1       1    2    
                                                            3    4
   53 0000007C E1590007        cmp              r9, r7
   54 00000080 AAFFFFFB        bge              calcDigit   ; <
   55 00000084 E2866004        add              r6, #4      ; 1000 to 100      
                                                                      ; 10 to 1
                                                            
   56 00000088 EB000017        bl               display
   57 0000008C         
   58 0000008C E3A08000        mov              r8,#0       ; 0
   59 00000090         
   60 00000090 E5967000        ldr              r7, [r6]    ; 1000 to 100      
                                                                      ; 10 to 1
                                                            
   61 00000094 E1590007        cmp              r9, r7      ; 
   62 00000098 AA000002        bge              otherwise   ; <
   63 0000009C E2866004        add              r6, #4      ; 100 to 10
   64 000000A0 EB000011        bl               display
   65 000000A4         ;add r6, #4    ; 100 to 10
   66 000000A4 E5967000        ldr              r7, [r6]    ; 100 to 10
   67 000000A8         otherwise
   68 000000A8 E3590000        cmp              r9, #0
   69 000000AC CAFFFFF0        bgt              calcDigit
   70 000000B0 E1A09005        mov              r9, r5
   71 000000B4 E59F6140        ldr              r6, =digits
   72 000000B8 EAFFFFE8        b                checkTens
   73 000000BC         
   74 000000BC EAFFFFFE 
                       stop    B                stop
   75 000000C0         
   76 000000C0 00000619 
                       number  DCD              0x00000619
   77 000000C4 3B9ACA00 
              05F5E100 
              00989680 
              000F4240 
              000186A0 
              00002710 
              000003E8 
              00000064 
              0000000A 
              00000001 digits  DCD              1000000000, 100000000, 10000000
, 1000000, 100000, 10000, 1000, 100, 10, 1
   78 000000EC         
   79 000000EC         display
   80 000000EC E92D5EFF        push{r0-r7,r9-r12,lr}
   81 000000F0         
   82 000000F0 E59F410C        ldr              r4, =800000
   83 000000F4         deloop
   84 000000F4 E2544001        subs             r4,r4,#1
   85 000000F8 E3540000        cmp              r4,#0
   86 000000FC 1AFFFFFC        bne              deloop
   87 00000100         
   88 00000100 E3A0B80F        mov              r11, #0x000f0000



ARM Macro Assembler    Page 3 


   89 00000104 E581B000        str              r11, [r1]
   90 00000108         
   91 00000108         
   92 00000108         
   93 00000108 E3A0B80F        ldr              r11, =0x000f0000
   94 0000010C E3580000        cmp              r8, #0
   95 00000110 1A000001        bne              cmpOne
   96 00000114 E582B000        str              r11, [r2]
   97 00000118 EA00002B        b                finish
   98 0000011C         cmpOne
   99 0000011C E3580001        cmp              r8, #1
  100 00000120 1A000002        bne              cmpTwo
  101 00000124 E3A0B702        mov              r11, #0x00080000
  102 00000128 E582B000        str              r11, [r2]
  103 0000012C EA000026        b                finish
  104 00000130         
  105 00000130         cmpTwo
  106 00000130 E3580002        cmp              r8, #2
  107 00000134 1A000002        bne              cmpThree
  108 00000138 E3A0B701        mov              r11, #0x00040000
  109 0000013C E582B000        str              r11, [r2]
  110 00000140 EA000021        b                finish
  111 00000144         cmpThree
  112 00000144 E3580003        cmp              r8, #3
  113 00000148 1A000002        bne              cmpFour
  114 0000014C E3A0B703        mov              r11, #0x000C0000
  115 00000150 E582B000        str              r11, [r2]
  116 00000154 EA00001C        b                finish
  117 00000158         cmpFour
  118 00000158 E3580004        cmp              r8, #4
  119 0000015C 1A000002        bne              cmpFive
  120 00000160 E3A0B802        mov              r11, #0x00020000
  121 00000164 E582B000        str              r11, [r2]
  122 00000168 EA000017        b                finish
  123 0000016C         cmpFive
  124 0000016C E3580005        cmp              r8, #5
  125 00000170 1A000002        bne              cmpSix
  126 00000174 E3A0B80A        mov              r11, #0x000A0000
  127 00000178 E582B000        str              r11, [r2]
  128 0000017C EA000012        b                finish
  129 00000180         cmpSix
  130 00000180 E3580006        cmp              r8, #6
  131 00000184 1A000002        bne              cmpSeven
  132 00000188 E3A0B806        mov              r11, #0x00060000
  133 0000018C E582B000        str              r11, [r2]
  134 00000190 EA00000D        b                finish
  135 00000194         cmpSeven
  136 00000194 E3580007        cmp              r8, #7
  137 00000198 1A000002        bne              cmpEight
  138 0000019C E3A0B80E        mov              r11, #0x000E0000
  139 000001A0 E582B000        str              r11, [r2]
  140 000001A4 EA000008        b                finish
  141 000001A8         cmpEight
  142 000001A8 E3580008        cmp              r8, #8
  143 000001AC 1A000002        bne              cmpNine
  144 000001B0 E3A0B801        mov              r11, #0x00010000
  145 000001B4 E582B000        str              r11, [r2]
  146 000001B8 EA000003        b                finish
  147 000001BC         cmpNine



ARM Macro Assembler    Page 4 


  148 000001BC E3580009        cmp              r8, #9
  149 000001C0 1A000001        bne              finish
  150 000001C4 E3A0B809        mov              r11, #0x00090000
  151 000001C8 E582B000        str              r11, [r2]
  152 000001CC         finish
  153 000001CC E59F4034        ldr              r4, =8000000
  154 000001D0         dloop
  155 000001D0 E2544001        subs             r4,r4,#1
  156 000001D4 E3540000        cmp              r4,#0
  157 000001D8 1AFFFFFC        bne              dloop
  158 000001DC E3A0B80F        mov              r11, #0x000f0000
  159 000001E0 E581B000        str              r11, [r1]
  160 000001E4 E8BD9EFF        pop{r0-r7,r9-r12,pc}
  161 000001E8 E12FFF1E        bx               lr
  162 000001EC         
  163 000001EC                 END
              E0028018 
              E0028014 
              E002801C 
              00000000 
              00000000 
              00000000 
              000C3500 
              007A1200 
Command Line: --debug --xref --diag_suppress=9931 --apcs=interwork --depend=.\a
pp.d -o.\app.o -IC:\Keil_v5\ARM\RV31\INC -IC:\Keil_v5\ARM\CMSIS\Include -IC:\Ke
il_v5\ARM\Inc\Philips --predefine="__EVAL SETA 1" --predefine="__MICROLIB SETA 
1" --predefine="__UVISION_VERSION SETA 516" --list=.\listings\app.lst App.s



ARM Macro Assembler    Page 1 Alphabetic symbol ordering
Relocatable symbols

AsmTemplate 00000000

Symbol: AsmTemplate
   Definitions
      At line 1 in file App.s
   Uses
      None
Comment: AsmTemplate unused
calcDigit 00000074

Symbol: calcDigit
   Definitions
      At line 50 in file App.s
   Uses
      At line 46 in file App.s
      At line 54 in file App.s
      At line 69 in file App.s

checkTens 00000060

Symbol: checkTens
   Definitions
      At line 43 in file App.s
   Uses
      At line 48 in file App.s
      At line 72 in file App.s

cmpEight 000001A8

Symbol: cmpEight
   Definitions
      At line 141 in file App.s
   Uses
      At line 137 in file App.s
Comment: cmpEight used once
cmpFive 0000016C

Symbol: cmpFive
   Definitions
      At line 123 in file App.s
   Uses
      At line 119 in file App.s
Comment: cmpFive used once
cmpFour 00000158

Symbol: cmpFour
   Definitions
      At line 117 in file App.s
   Uses
      At line 113 in file App.s
Comment: cmpFour used once
cmpNine 000001BC

Symbol: cmpNine
   Definitions
      At line 147 in file App.s
   Uses
      At line 143 in file App.s
Comment: cmpNine used once



ARM Macro Assembler    Page 2 Alphabetic symbol ordering
Relocatable symbols

cmpOne 0000011C

Symbol: cmpOne
   Definitions
      At line 98 in file App.s
   Uses
      At line 95 in file App.s
Comment: cmpOne used once
cmpSeven 00000194

Symbol: cmpSeven
   Definitions
      At line 135 in file App.s
   Uses
      At line 131 in file App.s
Comment: cmpSeven used once
cmpSix 00000180

Symbol: cmpSix
   Definitions
      At line 129 in file App.s
   Uses
      At line 125 in file App.s
Comment: cmpSix used once
cmpThree 00000144

Symbol: cmpThree
   Definitions
      At line 111 in file App.s
   Uses
      At line 107 in file App.s
Comment: cmpThree used once
cmpTwo 00000130

Symbol: cmpTwo
   Definitions
      At line 105 in file App.s
   Uses
      At line 100 in file App.s
Comment: cmpTwo used once
deloop 000000F4

Symbol: deloop
   Definitions
      At line 83 in file App.s
   Uses
      At line 86 in file App.s
Comment: deloop used once
digits 000000C4

Symbol: digits
   Definitions
      At line 77 in file App.s
   Uses
      At line 41 in file App.s
      At line 71 in file App.s

display 000000EC




ARM Macro Assembler    Page 3 Alphabetic symbol ordering
Relocatable symbols

Symbol: display
   Definitions
      At line 79 in file App.s
   Uses
      At line 56 in file App.s
      At line 64 in file App.s

dloop 000001D0

Symbol: dloop
   Definitions
      At line 154 in file App.s
   Uses
      At line 157 in file App.s
Comment: dloop used once
finish 000001CC

Symbol: finish
   Definitions
      At line 152 in file App.s
   Uses
      At line 97 in file App.s
      At line 103 in file App.s
      At line 110 in file App.s
      At line 116 in file App.s
      At line 122 in file App.s
      At line 128 in file App.s
      At line 134 in file App.s
      At line 140 in file App.s
      At line 146 in file App.s
      At line 149 in file App.s

number 000000C0

Symbol: number
   Definitions
      At line 76 in file App.s
   Uses
      At line 35 in file App.s
Comment: number used once
otherwise 000000A8

Symbol: otherwise
   Definitions
      At line 67 in file App.s
   Uses
      At line 62 in file App.s
Comment: otherwise used once
start 00000000

Symbol: start
   Definitions
      At line 9 in file App.s
   Uses
      At line 8 in file App.s
Comment: start used once
stop 000000BC

Symbol: stop



ARM Macro Assembler    Page 4 Alphabetic symbol ordering
Relocatable symbols

   Definitions
      At line 74 in file App.s
   Uses
      At line 74 in file App.s
Comment: stop used once
21 symbols



ARM Macro Assembler    Page 1 Alphabetic symbol ordering
Absolute symbols

IO1CLR E002801C

Symbol: IO1CLR
   Definitions
      At line 13 in file App.s
   Uses
      At line 33 in file App.s
Comment: IO1CLR used once
IO1DIR E0028018

Symbol: IO1DIR
   Definitions
      At line 11 in file App.s
   Uses
      At line 28 in file App.s
Comment: IO1DIR used once
IO1SET E0028014

Symbol: IO1SET
   Definitions
      At line 12 in file App.s
   Uses
      At line 31 in file App.s
Comment: IO1SET used once
3 symbols



ARM Macro Assembler    Page 1 Alphabetic symbol ordering
External symbols

main 00000000

Symbol: main
   Definitions
      At line 3 in file App.s
   Uses
      None
Comment: main unused
1 symbol
360 symbols in table
